<?xml version="1.0" encoding="UTF-8"?>
<!-- Generated by org.testng.reporters.JUnitReportReporter -->
<testsuite skipped="2" hostname="DESKTOP-QA8EEE9" name="assignment.mindtickle.CreateNewCourseTest" tests="2" failures="0" timestamp="03 Mar 2019 23:39:14 GMT" time="0.000" errors="0">
  <testcase name="validateCreateNewCoursePage" time="0.000" classname="assignment.mindtickle.CreateNewCourseTest">
    <skipped/>
  </testcase> <!-- validateCreateNewCoursePage -->
  <testcase name="createNewCourse" time="0.000" classname="assignment.mindtickle.CreateNewCourseTest">
    <skipped/>
  </testcase> <!-- createNewCourse -->
</testsuite> <!-- assignment.mindtickle.CreateNewCourseTest -->
