<?xml version="1.0" encoding="UTF-8"?>
<!-- Generated by org.testng.reporters.JUnitReportReporter -->
<testsuite skipped="2" hostname="DESKTOP-QA8EEE9" name="assignment.mindtickle.LoginPageTest" tests="2" failures="0" timestamp="03 Mar 2019 23:39:14 GMT" time="0.000" errors="0">
  <testcase name="validatePageTitleTest" time="0.000" classname="assignment.mindtickle.LoginPageTest">
    <skipped/>
  </testcase> <!-- validatePageTitleTest -->
  <testcase name="loginTest" time="0.000" classname="assignment.mindtickle.LoginPageTest">
    <skipped/>
  </testcase> <!-- loginTest -->
</testsuite> <!-- assignment.mindtickle.LoginPageTest -->
