<?xml version="1.0" encoding="UTF-8"?>
<!-- Generated by org.testng.reporters.JUnitReportReporter -->
<testsuite skipped="1" hostname="DESKTOP-QA8EEE9" name="assignment.mindtickle.PublishCourseTest" tests="1" failures="0" timestamp="03 Mar 2019 23:39:14 GMT" time="0.000" errors="0">
  <testcase name="publishCourse" time="0.000" classname="assignment.mindtickle.PublishCourseTest">
    <skipped/>
  </testcase> <!-- publishCourse -->
</testsuite> <!-- assignment.mindtickle.PublishCourseTest -->
