<?xml version="1.0" encoding="UTF-8"?>
<!-- Generated by org.testng.reporters.JUnitReportReporter -->
<testsuite skipped="2" hostname="DESKTOP-QA8EEE9" name="assignment.mindtickle.CreateTopicPageTest" tests="2" failures="0" timestamp="03 Mar 2019 23:39:14 GMT" time="0.000" errors="0">
  <testcase name="validatePageTitle" time="0.000" classname="assignment.mindtickle.CreateTopicPageTest">
    <skipped/>
  </testcase> <!-- validatePageTitle -->
  <testcase name="createTopic" time="0.000" classname="assignment.mindtickle.CreateTopicPageTest">
    <skipped/>
  </testcase> <!-- createTopic -->
</testsuite> <!-- assignment.mindtickle.CreateTopicPageTest -->
