<?xml version="1.0" encoding="UTF-8"?>
<!-- Generated by org.testng.reporters.JUnitReportReporter -->
<testsuite skipped="0" hostname="DESKTOP-QA8EEE9" name="assignment.mindtickle.LoginPageTest" tests="2" failures="0" timestamp="07 Mar 2019 02:50:05 GMT" time="7.818" errors="0">
  <testcase name="validatePageTitleTest" time="0.041" classname="assignment.mindtickle.LoginPageTest"/>
  <testcase name="loginTest" time="7.777" classname="assignment.mindtickle.LoginPageTest"/>
</testsuite> <!-- assignment.mindtickle.LoginPageTest -->
