<?xml version="1.0" encoding="UTF-8"?>
<!-- Generated by org.testng.reporters.JUnitReportReporter -->
<testsuite skipped="0" hostname="DESKTOP-QA8EEE9" name="assignment.mindtickle.EditCoursePageTest" tests="2" failures="0" timestamp="02 Mar 2019 12:50:24 GMT" time="27.800" errors="0">
  <testcase name="addTopic" time="27.663" classname="assignment.mindtickle.EditCoursePageTest"/>
  <testcase name="editcourse" time="0.137" classname="assignment.mindtickle.EditCoursePageTest"/>
</testsuite> <!-- assignment.mindtickle.EditCoursePageTest -->
