<?xml version="1.0" encoding="UTF-8"?>
<!-- Generated by org.testng.reporters.JUnitReportReporter -->
<testsuite skipped="0" hostname="DESKTOP-QA8EEE9" name="assignment.mindtickle.InviteLearersPageTest" tests="1" failures="0" timestamp="04 Mar 2019 00:22:22 GMT" time="68.875" errors="0">
  <testcase name="inviteLearner" time="68.875" classname="assignment.mindtickle.InviteLearersPageTest"/>
</testsuite> <!-- assignment.mindtickle.InviteLearersPageTest -->
