<?xml version="1.0" encoding="UTF-8"?>
<!-- Generated by org.testng.reporters.JUnitReportReporter -->
<testsuite skipped="0" hostname="DESKTOP-QA8EEE9" name="assignment.mindtickle.EditCourseTopicPageTest" tests="1" failures="0" timestamp="03 Mar 2019 23:41:27 GMT" time="31.840" errors="0">
  <testcase name="editTopic" time="31.840" classname="assignment.mindtickle.EditCourseTopicPageTest"/>
</testsuite> <!-- assignment.mindtickle.EditCourseTopicPageTest -->
